  [1m[35m (558.8ms)[0m  [1m[35mCREATE DATABASE "IMDB_clone_development" ENCODING = 'unicode'[0m
  ↳ /home/alina/.rbenv/versions/2.7.0/bin/rake:23
  [1m[35m (143.5ms)[0m  [1m[35mCREATE DATABASE "IMDB_clone_test" ENCODING = 'unicode'[0m
  ↳ /home/alina/.rbenv/versions/2.7.0/bin/rake:23
  [1m[35m (19.0ms)[0m  [1m[35mCREATE TABLE "schema_migrations" ("version" character varying NOT NULL PRIMARY KEY)[0m
  ↳ /home/alina/.rbenv/versions/2.7.0/bin/rake:23
  [1m[35m (13.9ms)[0m  [1m[35mCREATE TABLE "ar_internal_metadata" ("key" character varying NOT NULL PRIMARY KEY, "value" character varying, "created_at" timestamp NOT NULL, "updated_at" timestamp NOT NULL)[0m
  ↳ /home/alina/.rbenv/versions/2.7.0/bin/rake:23
  [1m[35m (1.5ms)[0m  [1m[34mSELECT pg_try_advisory_lock(5832247749464870475)[0m
  ↳ /home/alina/.rbenv/versions/2.7.0/bin/rake:23
  [1m[35m (3.7ms)[0m  [1m[34mSELECT "schema_migrations"."version" FROM "schema_migrations" ORDER BY "schema_migrations"."version" ASC[0m
  ↳ /home/alina/.rbenv/versions/2.7.0/bin/rake:23
Migrating to CreateUsersTable (20221212130829)
  [1m[35m (1.8ms)[0m  [1m[35mBEGIN[0m
  ↳ /home/alina/.rbenv/versions/2.7.0/bin/rake:23
  [1m[35m (19.1ms)[0m  [1m[35mCREATE TABLE "users" ("id" bigserial primary key, "username" character varying DEFAULT '' NOT NULL, "email" character varying DEFAULT '' NOT NULL, "password" character varying DEFAULT '' NOT NULL, "admin" boolean DEFAULT FALSE, "created_at" timestamp NOT NULL, "updated_at" timestamp NOT NULL)[0m
  ↳ db/migrate/20221212130829_create_users_table.rb:3
  [1m[35m (7.0ms)[0m  [1m[35mCREATE UNIQUE INDEX  "index_users_on_email" ON "users"  ("email")[0m
  ↳ db/migrate/20221212130829_create_users_table.rb:10
  [1m[36mActiveRecord::SchemaMigration Create (3.1ms)[0m  [1m[32mINSERT INTO "schema_migrations" ("version") VALUES ($1) RETURNING "version"[0m  [["version", "20221212130829"]]
  ↳ /home/alina/.rbenv/versions/2.7.0/bin/rake:23
  [1m[35m (4.2ms)[0m  [1m[35mCOMMIT[0m
  ↳ /home/alina/.rbenv/versions/2.7.0/bin/rake:23
Migrating to CreateMoviesTable (20221212131221)
  [1m[35m (1.3ms)[0m  [1m[35mBEGIN[0m
  ↳ /home/alina/.rbenv/versions/2.7.0/bin/rake:23
  [1m[35m (15.3ms)[0m  [1m[35mCREATE TABLE "movies" ("id" bigserial primary key, "title" character varying DEFAULT '' NOT NULL, "description" character varying DEFAULT '' NOT NULL, "title_image" character varying, "created_at" timestamp NOT NULL, "updated_at" timestamp NOT NULL)[0m
  ↳ db/migrate/20221212131221_create_movies_table.rb:3
  [1m[36mActiveRecord::SchemaMigration Create (1.7ms)[0m  [1m[32mINSERT INTO "schema_migrations" ("version") VALUES ($1) RETURNING "version"[0m  [["version", "20221212131221"]]
  ↳ /home/alina/.rbenv/versions/2.7.0/bin/rake:23
  [1m[35m (2.8ms)[0m  [1m[35mCOMMIT[0m
  ↳ /home/alina/.rbenv/versions/2.7.0/bin/rake:23
Migrating to CreateCategoriesTable (20221212131749)
  [1m[35m (1.2ms)[0m  [1m[35mBEGIN[0m
  ↳ /home/alina/.rbenv/versions/2.7.0/bin/rake:23
  [1m[35m (17.9ms)[0m  [1m[35mCREATE TABLE "categories" ("id" bigserial primary key, "name" character varying DEFAULT '' NOT NULL, "created_at" timestamp NOT NULL, "updated_at" timestamp NOT NULL)[0m
  ↳ db/migrate/20221212131749_create_categories_table.rb:3
  [1m[36mActiveRecord::SchemaMigration Create (1.6ms)[0m  [1m[32mINSERT INTO "schema_migrations" ("version") VALUES ($1) RETURNING "version"[0m  [["version", "20221212131749"]]
  ↳ /home/alina/.rbenv/versions/2.7.0/bin/rake:23
  [1m[35m (2.7ms)[0m  [1m[35mCOMMIT[0m
  ↳ /home/alina/.rbenv/versions/2.7.0/bin/rake:23
Migrating to CreateRatingsTable (20221212131927)
  [1m[35m (1.3ms)[0m  [1m[35mBEGIN[0m
  ↳ /home/alina/.rbenv/versions/2.7.0/bin/rake:23
  [1m[35m (13.6ms)[0m  [1m[35mCREATE TABLE "ratings" ("id" bigserial primary key, "user_id" bigint, "movie_id" bigint, "grade" integer DEFAULT 0 NOT NULL, CONSTRAINT "fk_rails_a7dfeb9f5f"
FOREIGN KEY ("user_id")
  REFERENCES "users" ("id")
, CONSTRAINT "fk_rails_62d9686c7c"
FOREIGN KEY ("movie_id")
  REFERENCES "movies" ("id")
)[0m
  ↳ db/migrate/20221212131927_create_ratings_table.rb:3
  [1m[35m (5.7ms)[0m  [1m[35mCREATE  INDEX  "index_ratings_on_user_id" ON "ratings"  ("user_id")[0m
  ↳ db/migrate/20221212131927_create_ratings_table.rb:3
  [1m[35m (6.2ms)[0m  [1m[35mCREATE  INDEX  "index_ratings_on_movie_id" ON "ratings"  ("movie_id")[0m
  ↳ db/migrate/20221212131927_create_ratings_table.rb:3
  [1m[36mActiveRecord::SchemaMigration Create (2.2ms)[0m  [1m[32mINSERT INTO "schema_migrations" ("version") VALUES ($1) RETURNING "version"[0m  [["version", "20221212131927"]]
  ↳ /home/alina/.rbenv/versions/2.7.0/bin/rake:23
  [1m[35m (2.7ms)[0m  [1m[35mCOMMIT[0m
  ↳ /home/alina/.rbenv/versions/2.7.0/bin/rake:23
Migrating to CreateMoviesCategoriesTable (20221212133324)
  [1m[35m (2.1ms)[0m  [1m[34mSELECT pg_advisory_unlock(5832247749464870475)[0m
  ↳ /home/alina/.rbenv/versions/2.7.0/bin/rake:23
  [1m[35m (1.9ms)[0m  [1m[34mSELECT pg_try_advisory_lock(5832247749464870475)[0m
  ↳ /home/alina/.rbenv/versions/2.7.0/bin/rake:23
  [1m[35m (3.6ms)[0m  [1m[34mSELECT "schema_migrations"."version" FROM "schema_migrations" ORDER BY "schema_migrations"."version" ASC[0m
  ↳ /home/alina/.rbenv/versions/2.7.0/bin/rake:23
Migrating to CreateMoviesCategoriesTable (20221212133324)
  [1m[35m (1.3ms)[0m  [1m[35mBEGIN[0m
  ↳ /home/alina/.rbenv/versions/2.7.0/bin/rake:23
  [1m[35m (14.8ms)[0m  [1m[35mCREATE TABLE "movies_categories" ("id" bigserial primary key, "movie_id" bigint, "category_id" bigint, CONSTRAINT "fk_rails_91e48f9347"
FOREIGN KEY ("movie_id")
  REFERENCES "movies" ("id")
, CONSTRAINT "fk_rails_215c734945"
FOREIGN KEY ("category_id")
  REFERENCES "categories" ("id")
)[0m
  ↳ db/migrate/20221212133324_create_movies_categories_table.rb:3
  [1m[35m (5.9ms)[0m  [1m[35mCREATE  INDEX  "index_movies_categories_on_movie_id" ON "movies_categories"  ("movie_id")[0m
  ↳ db/migrate/20221212133324_create_movies_categories_table.rb:3
  [1m[35m (6.0ms)[0m  [1m[35mCREATE  INDEX  "index_movies_categories_on_category_id" ON "movies_categories"  ("category_id")[0m
  ↳ db/migrate/20221212133324_create_movies_categories_table.rb:3
  [1m[36mActiveRecord::SchemaMigration Create (2.3ms)[0m  [1m[32mINSERT INTO "schema_migrations" ("version") VALUES ($1) RETURNING "version"[0m  [["version", "20221212133324"]]
  ↳ /home/alina/.rbenv/versions/2.7.0/bin/rake:23
  [1m[35m (4.2ms)[0m  [1m[35mCOMMIT[0m
  ↳ /home/alina/.rbenv/versions/2.7.0/bin/rake:23
  [1m[36mActiveRecord::InternalMetadata Load (3.0ms)[0m  [1m[34mSELECT  "ar_internal_metadata".* FROM "ar_internal_metadata" WHERE "ar_internal_metadata"."key" = $1 LIMIT $2[0m  [["key", "environment"], ["LIMIT", 1]]
  ↳ /home/alina/.rbenv/versions/2.7.0/bin/rake:23
  [1m[35m (2.8ms)[0m  [1m[35mBEGIN[0m
  ↳ /home/alina/.rbenv/versions/2.7.0/bin/rake:23
  [1m[36mActiveRecord::InternalMetadata Create (2.3ms)[0m  [1m[32mINSERT INTO "ar_internal_metadata" ("key", "value", "created_at", "updated_at") VALUES ($1, $2, $3, $4) RETURNING "key"[0m  [["key", "environment"], ["value", "development"], ["created_at", "2022-12-12 15:24:21.306898"], ["updated_at", "2022-12-12 15:24:21.306898"]]
  ↳ /home/alina/.rbenv/versions/2.7.0/bin/rake:23
  [1m[35m (2.2ms)[0m  [1m[35mCOMMIT[0m
  ↳ /home/alina/.rbenv/versions/2.7.0/bin/rake:23
  [1m[35m (1.3ms)[0m  [1m[34mSELECT pg_advisory_unlock(5832247749464870475)[0m
  ↳ /home/alina/.rbenv/versions/2.7.0/bin/rake:23
  [1m[35m (2.0ms)[0m  [1m[34mSELECT "schema_migrations"."version" FROM "schema_migrations" ORDER BY "schema_migrations"."version" ASC[0m
  ↳ /home/alina/.rbenv/versions/2.7.0/bin/rake:23
